<?xml version="1.0" encoding="UTF-8"?>
<!-- Generated by org.testng.reporters.JUnitReportReporter -->
<testsuite hostname="Ganesh" failures="0" tests="18" name="com.vtiger.practice.FetchingTwoDataTest" time="0.021" errors="0" timestamp="17 May 2022 11:21:54 GMT" skipped="0">
  <testcase classname="com.vtiger.practice.FetchingTwoDataTest" name="fetchingTwoDataTest" time="0.001"/>
  <testcase classname="com.vtiger.practice.FetchingTwoDataTest" name="fetchingTwoDataTest" time="0.001"/>
  <testcase classname="com.vtiger.practice.FetchingTwoDataTest" name="fetchingTwoDataTest" time="0.000"/>
  <testcase classname="com.vtiger.practice.FetchingTwoDataTest" name="fetchingTwoDataTest" time="0.001"/>
  <testcase classname="com.vtiger.practice.FetchingTwoDataTest" name="fetchingTwoDataTest" time="0.008"/>
  <testcase classname="com.vtiger.practice.FetchingTwoDataTest" name="fetchingTwoDataTest" time="0.001"/>
  <testcase classname="com.vtiger.practice.FetchingTwoDataTest" name="fetchingTwoDataTest" time="0.001"/>
  <testcase classname="com.vtiger.practice.FetchingTwoDataTest" name="fetchingTwoDataTest" time="0.001"/>
  <testcase classname="com.vtiger.practice.FetchingTwoDataTest" name="fetchingTwoDataTest" time="0.001"/>
  <testcase classname="com.vtiger.practice.FetchingTwoDataTest" name="fetchingTwoDataTest" time="0.001"/>
  <testcase classname="com.vtiger.practice.FetchingTwoDataTest" name="fetchingTwoDataTest" time="0.000"/>
  <testcase classname="com.vtiger.practice.FetchingTwoDataTest" name="fetchingTwoDataTest" time="0.001"/>
  <testcase classname="com.vtiger.practice.FetchingTwoDataTest" name="fetchingTwoDataTest" time="0.001"/>
  <testcase classname="com.vtiger.practice.FetchingTwoDataTest" name="fetchingTwoDataTest" time="0.000"/>
  <testcase classname="com.vtiger.practice.FetchingTwoDataTest" name="fetchingTwoDataTest" time="0.001"/>
  <testcase classname="com.vtiger.practice.FetchingTwoDataTest" name="fetchingTwoDataTest" time="0.001"/>
  <testcase classname="com.vtiger.practice.FetchingTwoDataTest" name="fetchingTwoDataTest" time="0.001"/>
  <testcase classname="com.vtiger.practice.FetchingTwoDataTest" name="fetchingTwoDataTest" time="0.000"/>
</testsuite> <!-- com.vtiger.practice.FetchingTwoDataTest -->
