<?xml version="1.0" encoding="UTF-8"?>
<!-- Generated by org.testng.reporters.JUnitReportReporter -->
<testsuite hostname="Ganesh" failures="0" tests="1" name="com.vtiger.organizationsTest.CreateOrganizationsWithEmailOptOut" time="6.258" errors="0" timestamp="18 May 2022 06:37:51 GMT" skipped="0">
  <testcase classname="com.vtiger.organizationsTest.CreateOrganizationsWithEmailOptOut" name="createOrganizationsWithEmailOptOut" time="6.258"/>
</testsuite> <!-- com.vtiger.organizationsTest.CreateOrganizationsWithEmailOptOut -->
