<?xml version="1.0" encoding="UTF-8"?>
<!-- Generated by org.testng.reporters.JUnitReportReporter -->
<testsuite hostname="DESKTOP-O1RHDTI" failures="0" tests="1" name="com.vtiger.campaignTest.CreateCampaignWithProductTest" time="31.814" errors="0" timestamp="2022-05-20T13:33:35 IST" skipped="0">
  <testcase classname="com.vtiger.campaignTest.CreateCampaignWithProductTest" name="createCampaignWithProductTest" time="31.814"/>
  <system-out/>
</testsuite> <!-- com.vtiger.campaignTest.CreateCampaignWithProductTest -->
