<?xml version="1.0" encoding="UTF-8"?>
<!-- Generated by org.testng.reporters.JUnitReportReporter -->
<testsuite hostname="DESKTOP-O1RHDTI" failures="0" tests="1" name="com.vtiger.organizationTest.CreateOrganizationTest" time="19.258" errors="0" timestamp="2022-05-20T12:58:42 IST" skipped="0">
  <testcase classname="com.vtiger.organizationTest.CreateOrganizationTest" name="createOrganizationTest" time="19.258"/>
  <system-out/>
</testsuite> <!-- com.vtiger.organizationTest.CreateOrganizationTest -->
