<?xml version="1.0" encoding="UTF-8"?>
<!-- Generated by org.testng.reporters.JUnitReportReporter -->
<testsuite hostname="DESKTOP-O1RHDTI" failures="0" tests="1" name="com.vtiger.assignmentorganizationsTest.CreateOrganizationsWithEmailOptOutSelectedOrNotTest" time="19.481" errors="0" timestamp="2022-05-20T13:33:35 IST" skipped="0">
  <testcase classname="com.vtiger.assignmentorganizationsTest.CreateOrganizationsWithEmailOptOutSelectedOrNotTest" name="createOrganizationsWithEmailOptOutSelectedOrNot" time="19.481"/>
  <system-out/>
</testsuite> <!-- com.vtiger.assignmentorganizationsTest.CreateOrganizationsWithEmailOptOutSelectedOrNotTest -->
