<?xml version="1.0" encoding="UTF-8"?>
<!-- Generated by org.testng.reporters.JUnitReportReporter -->
<testsuite hostname="Ganesh" failures="0" tests="1" name="com.vtiger.practice.CreateContactsPracticeTest" time="39.165" errors="0" timestamp="17 May 2022 09:41:05 GMT" skipped="0">
  <testcase classname="com.vtiger.practice.CreateContactsPracticeTest" name="createContactsPractiveTest" time="39.165"/>
</testsuite> <!-- com.vtiger.practice.CreateContactsPracticeTest -->
