<?xml version="1.0" encoding="UTF-8"?>
<!-- Generated by org.testng.reporters.JUnitReportReporter -->
<testsuite hostname="Ganesh" failures="0" tests="1" name="com.vtiger.assignmentorganizationsTest.CreateOrganizationsWithEmailOptOutSelectedOrNot" time="6.480" errors="0" timestamp="18 May 2022 06:48:05 GMT" skipped="0">
  <testcase classname="com.vtiger.assignmentorganizationsTest.CreateOrganizationsWithEmailOptOutSelectedOrNot" name="createOrganizationsWithEmailOptOutSelectedOrNot" time="6.480"/>
</testsuite> <!-- com.vtiger.assignmentorganizationsTest.CreateOrganizationsWithEmailOptOutSelectedOrNot -->
