<?xml version="1.0" encoding="UTF-8"?>
<!-- Generated by org.testng.reporters.JUnitReportReporter -->
<testsuite hostname="DESKTOP-O1RHDTI" failures="0" tests="2" name="com.vtiger.practice.TestngPractice22Test" time="0.047" errors="0" timestamp="2022-05-20T10:24:23 IST" skipped="0">
  <testcase classname="com.vtiger.practice.TestngPractice22Test" name="sample1Test" time="0.025"/>
  <system-out>
    <![CDATA[good]]>
  </system-out>
  <testcase classname="com.vtiger.practice.TestngPractice22Test" name="sample2Test" time="0.022"/>
  <system-out>
    <![CDATA[good]]>
  </system-out>
</testsuite> <!-- com.vtiger.practice.TestngPractice22Test -->
