<?xml version="1.0" encoding="UTF-8"?>
<!-- Generated by org.testng.reporters.JUnitReportReporter -->
<testsuite hostname="Ganesh" failures="0" tests="1" name="com.vtiger.practice.TestNgPracticeTest" time="0.007" errors="0" timestamp="16 May 2022 12:32:05 GMT" skipped="0">
  <testcase classname="com.vtiger.practice.TestNgPracticeTest" name="testPractice2Test" time="0.007"/>
</testsuite> <!-- com.vtiger.practice.TestNgPracticeTest -->
