<?xml version="1.0" encoding="UTF-8"?>
<!-- Generated by org.testng.reporters.JUnitReportReporter -->
<testsuite hostname="Ganesh" failures="0" tests="1" name="com.vtiger.practice.CreateContactsPractiveTest" time="22.951" errors="0" timestamp="16 May 2022 09:19:49 GMT" skipped="0">
  <testcase classname="com.vtiger.practice.CreateContactsPractiveTest" name="createContactsPractiveTest" time="22.951"/>
</testsuite> <!-- com.vtiger.practice.CreateContactsPractiveTest -->
