<?xml version="1.0" encoding="UTF-8"?>
<!-- Generated by org.testng.reporters.JUnitReportReporter -->
<testsuite hostname="DESKTOP-O1RHDTI" failures="0" tests="2" name="com.vtiger.organizationTest.CreateOrgSelectIndustryTest" time="46.267" errors="0" timestamp="2022-05-20T15:48:22 IST" skipped="0">
  <testcase classname="com.vtiger.organizationTest.CreateOrgSelectIndustryTest" name="createOrganizationTest" time="24.395"/>
  <system-out/>
  <testcase classname="com.vtiger.organizationTest.CreateOrgSelectIndustryTest" name="createOrganizationTest" time="21.872"/>
  <system-out/>
</testsuite> <!-- com.vtiger.organizationTest.CreateOrgSelectIndustryTest -->
